13:26:23 => [ERROR]open file: test_data/state failed.
13:26:23 => [ERROR]open file: test_data/state failed.
13:27:13 => [ERROR]open file: test_data/state failed.
13:30:14 => [ERROR]open file: test_data/state failed.
13:30:14 => [ERROR]open file: test_data/state failed.
13:30:14 => [ERROR]open file: test_data/state failed.
13:31:0 => [ERROR]open file: test_data/state failed.
13:31:45 => [ERROR]open file: test_data/state failed.
13:31:45 => [ERROR]open file: test_data/snapshot failed.
13:31:45 => [ERROR]open file: test_data/snapshot failed.
13:31:45 => [ERROR]open file: test_data/snapshot failed.
